0:100  0:100  MemLog inited, TSC freq: 2592379260
0:100  0:000  CPU was calibrated with RTC
0:100  0:000  
0:100  0:000  Now is 23.4.2019,  14:2:58 (GMT)
0:100  0:000  Starting Clover revision: 4895 on American Megatrends EFI
0:100  0:000  Build with: [Args: -nb -mc --no-usb -D NO_GRUB_DRIVERS_EMBEDDED | -D DISABLE_USB_SUPPORT -D NO_GRUB_DRIVERS_EMBEDDED -D USE_BIOS_BLOCKIO -D USE_LOW_EBDA -D HAVE_LEGACY_EMURUNTIMEDXE -a X64 -b RELEASE -t XCODE8 -n 5 | OS: 10.13.6 | XCODE: 10.1]
0:100  0:000  SelfDevicePath=PciRoot(0x0)\Pci(0x1D,0x0)\Pci(0x0,0x0)\NVMe(0x1,69-9A-B5-61-41-38-25-00)\HD(7,GPT,CA7BC393-0C1C-4F05-9E46-1486D123F8C5,0x2F0E6800,0xFA000) @34625798
0:100  0:000  SelfDirPath = \EFI\BOOT
0:103  0:003  === [ Get Smbios ] ========================================
0:103  0:000  Type 16 Index = 0
0:103  0:000  Total Memory Slots Count = 2
0:103  0:000  Type 17 Index = 0
0:103  0:000  SmbiosTable.Type17->Speed = 2133MHz
0:103  0:000  SmbiosTable.Type17->Size = 8192MB
0:103  0:000  SmbiosTable.Type17->Bank/Device = DIMM A DIMM A
0:103  0:000  SmbiosTable.Type17->Vendor = SK Hynix
0:103  0:000  SmbiosTable.Type17->SerialNumber = 12161215
0:103  0:000  SmbiosTable.Type17->PartNumber = HMA41GS6AFR8N-TF    
0:103  0:000  Type 17 Index = 1
0:103  0:000  SmbiosTable.Type17->Speed = 2133MHz
0:103  0:000  SmbiosTable.Type17->Size = 8192MB
0:103  0:000  SmbiosTable.Type17->Bank/Device = DIMM B DIMM B
0:103  0:000  SmbiosTable.Type17->Vendor = SK Hynix
0:103  0:000  SmbiosTable.Type17->SerialNumber = 12121212
0:103  0:000  SmbiosTable.Type17->PartNumber = HMA41GS6AFR8N-TF    
0:103  0:000  Boot status=0
0:103  0:000  Running on: 'XPS 15 9550' with board '0Y9N5X'
0:103  0:000  === [ GetCPUProperties ] ==================================
0:103  0:000  CPU Vendor = 756E6547 Model=506E3
0:103  0:000   The CPU supported SSE4.1
0:103  0:000  BrandString = Intel(R) Core(TM) i7-6700HQ CPU @ 2.60GHz
0:103  0:000   The CPU supported turbo
0:103  0:000  MSR 0x35               40008
0:103  0:000   TSC/CCC Information Leaf:
0:103  0:000    numerator     : 216
0:103  0:000    denominator   : 2
0:103  0:000   Calibrated ARTFrequency: 24003511
0:103  0:000  MSR 0xE2 before patch 7E008006
0:103  0:000  MSR 0xE2 is locked, PM patches will be turned on
0:103  0:000  MSR 0xCE              0008083B_F1011A00
0:103  0:000  corrected FLEX_RATIO = 0
0:103  0:000  MSR 0x1B0             00000000
0:103  0:000  FSBFrequency = 100 MHz, DMI FSBFrequency = 100 MHz, Corrected FSBFrequency = 100 MHz
0:103  0:000  MaxDiv/MinDiv: 26.0/8
0:103  0:000  Turbo: 31/32/33/35
0:103  0:000  Features: 0xBFEBFBFF
0:103  0:000  Threads: 8
0:103  0:000  Cores: 4
0:103  0:000  FSB: 100 MHz
0:103  0:000  CPU: 2600 MHz
0:103  0:000  TSC: 2600 MHz
0:103  0:000  PIS: 100 MHz
0:103  0:000  ExternalClock: 25 MHz
0:103  0:000  === [ GetDevices ] ========================================
0:103  0:000  PCI (00|00:00.00) : 8086 1910 class=060000
0:103  0:000  PCI (00|00:01.00) : 8086 1901 class=060400
0:103  0:000  PCI (00|01:00.00) : 10DE 139B class=030200
0:103  0:000  PCI (00|00:02.00) : 8086 191B class=030000
0:103  0:000   - GFX: Model=Intel HD Graphics 530 (Intel)
0:103  0:000  PCI (00|00:04.00) : 8086 1903 class=118000
0:103  0:000  PCI (00|00:14.00) : 8086 A12F class=0C0330
0:103  0:000  PCI (00|00:14.02) : 8086 A131 class=118000
0:103  0:000  PCI (00|00:15.00) : 8086 A160 class=118000
0:103  0:000  PCI (00|00:15.01) : 8086 A161 class=118000
0:103  0:000  PCI (00|00:16.00) : 8086 A13A class=078000
0:103  0:000  PCI (00|00:17.00) : 8086 A103 class=010601
0:103  0:000  PCI (00|00:1C.00) : 8086 A110 class=060400
0:103  0:000  PCI (00|02:00.00) : 14E4 43BA class=028000
0:103  0:000   - WIFI: Vendor=Broadcom
0:103  0:000  PCI (00|00:1C.01) : 8086 A111 class=060400
0:103  0:000  PCI (00|03:00.00) : 10EC 525A class=FF0000
0:103  0:000  PCI (00|00:1D.00) : 8086 A118 class=060400
0:103  0:000  PCI (00|04:00.00) : 144D A802 class=010802
0:103  0:000  PCI (00|00:1D.04) : 8086 A11C class=060400
0:103  0:000  PCI (00|00:1D.06) : 8086 A11E class=060400
0:103  0:000  PCI (00|00:1F.00) : 8086 A14E class=060100
0:103  0:000  PCI (00|00:1F.02) : 8086 A121 class=058000
0:103  0:000  PCI (00|00:1F.03) : 8086 A170 class=040380
0:103  0:000  PCI (00|00:1F.04) : 8086 A123 class=0C0500
0:103  0:000  === [ GetDefaultSettings ] ================================
0:104  0:000  Clover load options size = 154 bytes
0:113  0:009  EFI\CLOVER\.plist not loaded with name from LoadOptions: Invalid Parameter
0:123  0:010  EFI\CLOVER\config.plist loaded: Success
0:126  0:003  === [ GetListOfThemes ] ===================================
0:127  0:001  - [00]: bluemac
0:133  0:006  - [01]: BGM
0:142  0:008  - [02]: random
0:148  0:006  - [02]: embedded
0:156  0:008  === [ Found config plists ] ===============================
0:158  0:002  - config.plist
0:160  0:002  === [ GetEarlyUserSettings ] ==============================
0:160  0:000  timeout set to 5
0:160  0:000  Custom boot CUSTOM_BOOT_DISABLED (0x0)
0:160  0:000  ForceKextsToLoad: 1 requested
0:160  0:000   - [0]: System\Library\Extensions\IONetworkingFamily.kext
0:160  0:000  KextsToPatch: 3 requested
0:160  0:000   - [00]: com.apple.iokit.IOAHCIBlockStorage (Enable TRIM for SSD) :: BinPatch :: data len: 11
0:160  0:000   - [01]: com.apple.driver.usb.AppleUSBXHCI (USB Port limit patch 10.14 (credits FredWst)) :: BinPatch :: data len: 9
0:160  0:000   - patch disabled at config
0:160  0:000   - [02]: IONVMeFamily (IONVMeFamily: Ignore FLBAS bit:4 being set - for Plextor/LiteOn/Hynix) :: BinPatch :: data len: 7
0:160  0:000   - patch disabled at config
0:160  0:000  KernelToPatch: 2 requested
0:160  0:000   - [00]: MSR 0xE2 _xcpm_idle instant reboot(c) Pike R. Alpha :: data len: 8
0:160  0:000   - [01]: Disable panic kext logging on 10.14 release kernel (credit Vandroiy) :: MatchOS: 10.14.x :: data len: 6
0:160  0:000  Default theme: BGM
0:160  0:000  Hiding entries with string Preboot
0:160  0:000  ** Warning: unknown custom entry Type 'Other'
0:160  0:000  === [ LoadDrivers ] =======================================
0:164  0:004  Loading HFSPlus-64.efi  status=Success
0:184  0:019   - driver needs connecting
0:184  0:000  Loading AppleKeyFeeder-64.efi  status=Success
0:199  0:015  Loading OsxFatBinaryDrv-64.efi  status=Success
0:216  0:016  Loading DataHubDxe-64.efi  status=Success
0:241  0:025  Loading AppleImageLoader.efi  status=Success
0:258  0:017  Loading CsmVideoDxe-64.efi  status=Success
0:277  0:018   - driver needs connecting
0:277  0:000  Loading AppleUiSupport.efi  status=Success
0:295  0:018  Loading VirtualSmc.efi  status=Success
0:314  0:018  Loading FSInject-64.efi  status=Success
0:332  0:018  Loading FirmwareVolume-64.efi  status=Success
0:349  0:017  Loading ApfsDriverLoader-64.efi  status=Success
0:368  0:018   - driver needs connecting
0:368  0:000  Loading OsxAptioFix2Drv-64.efi  status=Success
0:387  0:019  Loading NvmExpressDxe-64.efi  status=Success
0:405  0:018   - driver needs connecting
0:405  0:000  Loading NTFS-64.efi  status=Success
0:424  0:018   - driver needs connecting
0:424  0:000  Loading ApfsDriverLoader.efi  status=Success
0:439  0:015   - driver needs connecting
0:439  0:000  Loading AudioDxe-64.efi  status=Success
0:458  0:018   - driver needs connecting
0:459  0:001  7 drivers needs connecting ...
0:459  0:000  PlatformDriverOverrideProtocol not found. Installing ... Success
0:459  0:000  HFS+ driver loaded
0:459  0:000  APFS driver loaded
0:459  0:000  Video driver loaded: disconnect Success
1:173  0:714  Searching for invalid DiskIo BY_DRIVER connects: not found, all ok
7:121  5:948  === [ InitScreen ] ========================================
7:121  0:000  Console modes reported: 4, available modes:
7:121  0:000   - [01]: 80x25
7:121  0:000   - [02]: 80x50
7:121  0:000   - [03]: 100x31
7:121  0:000   - [04]: 480x113 (current mode)
7:121  0:000  reinit: self device path=PciRoot(0x0)\Pci(0x1D,0x0)\Pci(0x0,0x0)\NVMe(0x1,69-9A-B5-61-41-38-25-00)\HD(7,GPT,CA7BC393-0C1C-4F05-9E46-1486D123F8C5,0x2F0E6800,0xFA000)
7:125  0:003  Using embedded font: Success
7:125  0:000  === [ GetMacAddress ] =====================================
7:125  0:000  === [ ScanSPD ] ===========================================
7:126  0:000  Scanning SMBus [8086:A123], mmio: 0xDD132004, ioport: 0xF040, hostc: 0x11
7:144  0:018  Slot: 0 Type 26 8192MB 2134MHz Vendor=SK Hynix PartNo=HMA41GS6AFR8N-TF SerialNo=0208050F080E0206
7:163  0:018  Slot: 2 Type 26 8192MB 2132MHz Vendor=SK Hynix PartNo=HMA41GS6AFR8N-TF SerialNo=02040E0A0F08050B
7:163  0:000  === [ GetAcpiTablesList ] =================================
7:167  0:003  Get Acpi Tables List from RSDT:
7:167  0:000   - [00]: FACP  CBX3    len=132
7:167  0:000   - [01]: APIC  CBX3    len=188
7:167  0:000   - [02]: FPDT  CBX3    len=68
7:167  0:000   - [03]: MCFG  CBX3    len=60
7:167  0:000   - [04]: HPET  CBX3    len=56
7:167  0:000   - [05]: SSDT  SataTabl len=1133
7:167  0:000   - [06]: WSMT  CBX3    len=40
7:167  0:000   - [07]: LPIT  SKL len=148
7:167  0:000   - [08]: SSDT  sensrhub len=584
7:167  0:000   - [09]: SSDT  PtidDevc len=11182
7:167  0:000   - [10]: SSDT  OEM_RTD3 len=36
7:167  0:000   - [11]: SSDT  Ther_Rvp len=3043
7:167  0:000   - [12]: SSDT  zpodd len=1244
7:167  0:000   - [13]: DBGP   len=52
7:167  0:000   - [14]: DBG2   len=84
7:167  0:000   - [15]: SSDT  xh_rvp10 len=1909
7:167  0:000   - [16]: BOOT  CBX3     len=40
7:167  0:000   - [17]: SSDT  SaSsdt  len=14294
7:167  0:000   - [18]: UEFI   len=66
7:167  0:000   - [19]: SSDT  CpuSsdt len=3699
7:167  0:000   - [20]: MSDM  CBX3    len=85
7:167  0:000   - [21]: SSDT  DptfTabl len=17658
7:167  0:000   - [22]: SLIC  CBX3    len=374
7:167  0:000   - [23]: TCPA  NAPAASF len=50
7:167  0:000   - [24]: BGRT   len=56
7:167  0:000   - [25]: SSDT  SgPeg len=195
7:167  0:000   - [26]: DMAR  SKL  len=240
7:167  0:000   - [27]: SSDT  OptTabl len=6248
7:167  0:000   - [28]: ASF!   HCG len=165
7:167  0:000  Calibrated TSC Frequency = 2592379260 = 2592MHz
7:167  0:000  === [ GetUserSettings ] ===================================
7:167  0:000  Add 2 devices:
7:167  0:000  USB FixOwnership: yes
7:167  0:000  Dropping 2 tables:
7:167  0:000   - [00]: Drop table  signature="SSDT" (54445353) table-id="PtidDevc" (6376654464697450)
7:167  0:000           - set table: 54445353, 6376654464697450 to drop: yes
7:167  0:000   - [01]: Drop table  signature="SSDT" (54445353) table-id="xh_rvp11" (31317076725F6878)
7:167  0:000           - set table: 54445353, 31317076725F6878 to drop: no
7:167  0:000   - final DSDT Fix mask=00000000
7:167  0:000  PatchesDSDT: 28 requested
7:167  0:000   - [00]: (rename HPET to XPET,  pair with SSDT-HPET.aml) lenToFind: 4, lenToReplace: 4, Target Bridge: <null string>
7:167  0:000   - [01]: (Rename _DSM to XDSM) lenToFind: 4, lenToReplace: 4, Target Bridge: <null string>
7:167  0:000   - [02]: (change ECDV to EC) lenToFind: 4, lenToReplace: 4, Target Bridge: <null string>
7:167  0:000   - [03]: (Device AC rename to ADP1  pair with SSDT-ADP1 - credit syscl) lenToFind: 4, lenToReplace: 4, Target Bridge: <null string>
7:167  0:000   - [04]: (change _CRS to XCRS in Device TPD1) lenToFind: 4, lenToReplace: 4, Target Bridge: TPD1
7:167  0:000   - [05]: (Remove _STA method for PNP0C04 to load - credit syscl) lenToFind: 14, lenToReplace: 14, Target Bridge: <null string>
7:167  0:000   - [06]: (Device SBTN rename to SLPB pair with SSDT-SLPB - credit syscl) lenToFind: 4, lenToReplace: 4, Target Bridge: <null string>
7:167  0:000   - [07]: (Device ALSD rename to ALS0 - credit syscl) lenToFind: 8, lenToReplace: 8, Target Bridge: <null string>
7:167  0:000   - [08]: (Rename Method BRT6,2 to BRTX,2, and need add-on SSDT-BRT6.aml) lenToFind: 7, lenToReplace: 7, Target Bridge: <null string>
7:167  0:000   - [09]: (change GFX0 to IGPU) lenToFind: 4, lenToReplace: 4, Target Bridge: <null string>
7:167  0:000   - [10]: (change HDAS to HDEF, optionally pair with SSDT-HDEF.aml) lenToFind: 4, lenToReplace: 4, Target Bridge: <null string>
7:167  0:000   - [11]: (change OSID to OSSD, that because of the _OSI rename patch may cause problem) lenToFind: 4, lenToReplace: 4, Target Bridge: <null string>
7:167  0:000   - [12]: (change _OSI to XOSI, pair with SSDT-XOSI.aml) lenToFind: 4, lenToReplace: 4, Target Bridge: <null string>
7:167  0:000   - [13]: (change LPC to LPCB, optionally pair with SSDT-EHCI_Disable.aml, SSDT-LPC.aml) lenToFind: 4, lenToReplace: 4, Target Bridge: <null string>
7:167  0:000   - [14]: (change SAT0 to SATA, optionally pair with SSDT-SATA.aml) lenToFind: 4, lenToReplace: 4, Target Bridge: <null string>
7:167  0:000   - [15]: (Rename method UPRW to XPRW and use with SSDT-UPRW.aml to fix USB "instant wake" on sleep) lenToFind: 8, lenToReplace: 8, Target Bridge: <null string>
7:167  0:000   - [16]: (Rename method GPRW to YPRW and use with SSDT-UPRW.aml to fix USB "instant wake" on sleep) lenToFind: 8, lenToReplace: 8, Target Bridge: <null string>
7:167  0:000   - [17]: (change GPI0 device _STA to XSTA) lenToFind: 13, lenToReplace: 13, Target Bridge: <null string>
7:167  0:000   - [18]: (change I2C devices _CRS to XCRS) lenToFind: 7, lenToReplace: 7, Target Bridge: <null string>
7:167  0:000   - [19]: (change HECI to IMEI, optionally pair with SSDT-IMEI.aml) lenToFind: 4, lenToReplace: 4, Target Bridge: <null string>
7:167  0:000   - [20]: (change Method(_PTS,1,N) to ZPTS, pair with SSDT-PTSWAK.aml) lenToFind: 5, lenToReplace: 5, Target Bridge: <null string>
7:167  0:000   - [21]: (change Method(_PTS,1,S) to ZPTS, pair with SSDT-PTSWAK.aml) lenToFind: 5, lenToReplace: 5, Target Bridge: <null string>
7:167  0:000   - [22]: (change Method(_WAK,1,N) to ZWAK, pair with SSDT-PTSWAK.aml) lenToFind: 5, lenToReplace: 5, Target Bridge: <null string>
7:167  0:000   - [23]: (change Method(_WAK,1,S) to ZWAK, pair with SSDT-PTSWAK.aml) lenToFind: 5, lenToReplace: 5, Target Bridge: <null string>
7:167  0:000   - [24]: (change Method(XWAK,0,N) to ZWAK, pair with SSDT-PTSWAK.aml) lenToFind: 5, lenToReplace: 5, Target Bridge: <null string>
7:167  0:000   - [25]: (change Method(XWAK,0,S) to ZWAK, pair with SSDT-PTSWAK.aml) lenToFind: 5, lenToReplace: 5, Target Bridge: <null string>
7:167  0:000   - [26]: (rename _RMV to XRMV, pair with SSDT-TYPC.aml) lenToFind: 4, lenToReplace: 4, Target Bridge: <null string>
7:167  0:000   - [27]: (Rename XTBT to YTBT, pair with SSDT-YTBT.aml) lenToFind: 14, lenToReplace: 14, Target Bridge: <null string>
7:167  0:000  PluginType: 1
7:167  0:000  ResetAddr: 0xCF9
7:167  0:000  Calc ResetVal: 0x6
7:167  0:000  ResetVal: 0x6
7:167  0:000  Using ProductName from config: MacBookPro13,3
7:167  0:000  Using latest BiosVersion from clover
7:167  0:000  BiosVersion: MBP133.88Z.F000.B00.1812191256
7:167  0:000  BiosReleaseDate: 12/19/2018
7:167  0:000  Using EfiVersion from clover: 252.0.0.0.0
7:167  0:000  Using FirmwareFeatures from config: 0xFC0FE13F
7:167  0:000  Using FirmwareFeaturesMask from config: 0xFF1FFF3F
7:167  0:000  Board-ID set from config as Mac-A5C67F76ED83108C
7:167  0:000  BoardType: 0xA
7:167  0:000  ChassisType: 0x9
7:171  0:004  === [ Found DSDT tables ] =================================
7:445  0:273  === [ ScanVolumes ] =======================================
7:445  0:000  Found 14 volumes with blockIO
7:445  0:000  - [00]: Volume: PciRoot(0x0)\Pci(0x1C,0x1)\Pci(0x0,0x0)
7:445  0:000  - [01]: Volume: PciRoot(0x0)\Pci(0x1D,0x0)\Pci(0x0,0x0)\NVMe(0x1,69-9A-B5-61-41-38-25-00)
7:446  0:001          Result of bootcode detection: bootable Linux (grub,linux)
7:446  0:000  - [02]: Volume: PciRoot(0x0)\Pci(0x1D,0x0)\Pci(0x0,0x0)\NVMe(0x1,69-9A-B5-61-41-38-25-00)\HD(1,GPT,75A869A1-3CF6-4DF4-BBE1-6147AB8B93B8,0x800,0xE1000)
7:447  0:001          Result of bootcode detection: bootable Windows (vista,win)
7:447  0:000  - [03]: Volume: PciRoot(0x0)\Pci(0x1D,0x0)\Pci(0x0,0x0)\NVMe(0x1,69-9A-B5-61-41-38-25-00)\HD(2,GPT,7E453B47-C683-4628-AEFD-6C3346DEA0DB,0x113800,0x8000)
7:448  0:001  - [04]: Volume: PciRoot(0x0)\Pci(0x1D,0x0)\Pci(0x0,0x0)\NVMe(0x1,69-9A-B5-61-41-38-25-00)\HD(3,GPT,B61CE518-14CF-43DB-9BCD-D8965817F68A,0x11B800,0x9E1AD93)
7:449  0:001          Result of bootcode detection: bootable Windows (vista,win)
7:449  0:000  - [05]: Volume: PciRoot(0x0)\Pci(0x1D,0x0)\Pci(0x0,0x0)\NVMe(0x1,69-9A-B5-61-41-38-25-00)\HD(4,GPT,8E3DF90F-1920-4472-96E8-987126E1D36A,0x9F37000,0x1E4800)
7:450  0:001          Result of bootcode detection: bootable Windows (vista,win)
7:450  0:000  - [06]: Volume: PciRoot(0x0)\Pci(0x1D,0x0)\Pci(0x0,0x0)\NVMe(0x1,69-9A-B5-61-41-38-25-00)\HD(5,GPT,5D136164-10AE-4A0C-B4FD-D1D973FEA9E9,0xA11C000,0x1B9F3000)
7:451  0:001          Result of bootcode detection: bootable Windows (vista,win)
7:451  0:000  - [07]: Volume: PciRoot(0x0)\Pci(0x1D,0x0)\Pci(0x0,0x0)\NVMe(0x1,69-9A-B5-61-41-38-25-00)\HD(6,GPT,37C464E8-D1F8-409A-974E-A4ED3D9E0444,0x25B0F000,0x95D7800)
7:452  0:001          Result of bootcode detection: bootable unknown (legacy)
7:452  0:000  - [08]: Volume: PciRoot(0x0)\Pci(0x1D,0x0)\Pci(0x0,0x0)\NVMe(0x1,69-9A-B5-61-41-38-25-00)\HD(7,GPT,CA7BC393-0C1C-4F05-9E46-1486D123F8C5,0x2F0E6800,0xFA000)
7:453  0:001          Result of bootcode detection: bootable Windows (vista,win)
7:456  0:003          This is SelfVolume !!
7:456  0:000  - [09]: Volume: PciRoot(0x0)\Pci(0x1D,0x0)\Pci(0x0,0x0)\NVMe(0x1,69-9A-B5-61-41-38-25-00)\HD(8,GPT,307D9CF6-49A3-473C-BE3D-856DE5D30D91,0x2F1E0800,0xC7C0000)
7:457  0:001  - [10]: Volume: PciRoot(0x0)\Pci(0x1D,0x0)\Pci(0x0,0x0)\NVMe(0x1,69-9A-B5-61-41-38-25-00)\HD(6,GPT,37C464E8-D1F8-409A-974E-A4ED3D9E0444,0x25B0F000,0x95D7800)\VenMedia(BE74FCF7-0B7C-49F3-9147-01F4042E6842,0E270E6A705F3340B05D5CDBC0B82092)
7:457  0:000          hiding this volume
7:457  0:000  - [11]: Volume: PciRoot(0x0)\Pci(0x1D,0x0)\Pci(0x0,0x0)\NVMe(0x1,69-9A-B5-61-41-38-25-00)\HD(6,GPT,37C464E8-D1F8-409A-974E-A4ED3D9E0444,0x25B0F000,0x95D7800)\VenMedia(BE74FCF7-0B7C-49F3-9147-01F4042E6842,855E07154623A7309C62AD2EF87F62CD)
7:457  0:000  - [12]: Volume: PciRoot(0x0)\Pci(0x1D,0x0)\Pci(0x0,0x0)\NVMe(0x1,69-9A-B5-61-41-38-25-00)\HD(6,GPT,37C464E8-D1F8-409A-974E-A4ED3D9E0444,0x25B0F000,0x95D7800)\VenMedia(BE74FCF7-0B7C-49F3-9147-01F4042E6842,032FB4D2FA743D4BAEF1B4C23B2D628C)
7:458  0:000  - [13]: Volume: PciRoot(0x0)\Pci(0x1D,0x0)\Pci(0x0,0x0)\NVMe(0x1,69-9A-B5-61-41-38-25-00)\HD(6,GPT,37C464E8-D1F8-409A-974E-A4ED3D9E0444,0x25B0F000,0x95D7800)\VenMedia(BE74FCF7-0B7C-49F3-9147-01F4042E6842,E3897AC2E604D04785D30A07EBF4A531)
7:458  0:000  found 2 handles with audio
7:458  0:000  No AudioIoDevice stored
7:458  0:000  no stored audio parameters
7:458  0:000  === [ InitTheme ] =========================================
7:458  0:000  use daylight theme
7:468  0:009  Using theme 'BGM' (EFI\CLOVER\themes\BGM)
7:468  0:000  OS main and drive as badge
7:469  0:001  file sound read: sound.wav Not Found
7:474  0:004  Loading font from ThemeDir: Success
7:474  0:000  theme inited
7:474  0:000  Chosen theme BGM
7:474  0:000  after NVRAM boot-args=dart=0 nv_disable=1 agdpmod=vit9696 -v brcmfx-country=#a darkwake=no -lilubetaall kext-dev-mode=1
7:474  0:000  === [ Dump SMC keys from NVRAM ] ==========================
7:474  0:000  found AppleSMC protocol
7:489  0:014  === [ AddCustomEntries ] ==================================
7:489  0:000  Custom entry 0 skipped because it is disabled.
7:489  0:000  === [ ScanLoader ] ========================================
7:489  0:000  - [02]: 'b'
7:686  0:197  - [04]: ''
7:877  0:190  - [05]: ''
8:067  0:189  - [06]: ''
8:308  0:241  - [08]: 'EFI'
8:511  0:202          AddLoaderEntry for Volume Name=EFI
8:511  0:000          skipped because entry is hidden
8:511  0:000  - [09]: 'PROGRAM'
8:656  0:145  - [10]: 'Preboot', hidden
8:656  0:000  - [11]: 'MacPara'
8:771  0:115          AddLoaderEntry for Volume Name=MacPara
8:772  0:000      Not match custom entry 0: Type: not match
8:795  0:023      hibernated: set as never
8:802  0:006          [!] Icon 18 (icons\vol_internal_apfs.icns) not found (path: EFI\CLOVER\themes\BGM)
8:983  0:181  - [12]: 'Recovery'
8:990  0:006          AddLoaderEntry for Volume Name=Recovery
8:990  0:000      Not match custom entry 0: Type: not match
9:162  0:172  - [13]: 'VM'
9:302  0:139  === [ AddCustomTool ] =====================================
9:308  0:006  found tool \EFI\CLOVER\tools\Shell64U.efi
9:308  0:000  Checking EFI partition Volume 8 for Clover
9:314  0:006   Found Clover
9:318  0:004  Use anime=Anim_9_Boot_Sequence frames=64
9:335  0:016  === [ GetEfiBootDeviceFromNvram ] =========================
9:335  0:000   - efi-boot-device-data: PciRoot(0x0)\Pci(0x1D,0x0)\Pci(0x0,0x0)\NVMe(0x1,69-9A-B5-61-41-38-25-00)\HD(6,GPT,37C464E8-D1F8-409A-974E-A4ED3D9E0444,0x25B0F000,0x95D7800)\VenMedia(BE74FCF7-0B7C-49F3-9147-01F4042E6842,855E07154623A7309C62AD2EF87F62CD)
9:335  0:000    - Volume: 'PciRoot(0x0)\Pci(0x1D,0x0)\Pci(0x0,0x0)\NVMe(0x1,69-9A-B5-61-41-38-25-00)\HD(6,GPT,37C464E8-D1F8-409A-974E-A4ED3D9E0444,0x25B0F000,0x95D7800)\VenMedia(BE74FCF7-0B7C-49F3-9147-01F4042E6842,855E07154623A7309C62AD2EF87F62CD)'
9:335  0:000    - LoaderPath: '<null string>'
9:335  0:000    - Guid = 37C464E8-D1F8-409A-974E-A4ED3D9E0444
9:335  0:000  === [ FindStartupDiskVolume ] =============================
9:335  0:000    - Volume: partition = PciRoot(0x0)\Pci(0x1D,0x0)\Pci(0x0,0x0)\NVMe(0x1,69-9A-B5-61-41-38-25-00)\HD(6,GPT,37C464E8-D1F8-409A-974E-A4ED3D9E0444,0x25B0F000,0x95D7800)\VenMedia(BE74FCF7-0B7C-49F3-9147-01F4042E6842,855E07154623A7309C62AD2EF87F62CD)
9:335  0:000     - searching for that partition
9:335  0:000      - found entry 0. 'Boot macOS from MacPara', Volume 'MacPara'
9:335  0:000  Boot redirected to Entry 0. 'Boot macOS from MacPara'
9:335  0:000  DefaultIndex=0 and MainMenu.EntryCount=8
9:335  0:000  Use anime=Anim_1_Logo frames=49
9:570  0:234   found 49 frames of the anime
9:570  0:000  recalculated Screen->Film position
9:570  0:000   Anime seems OK, init it
10:480  0:910  GUI ready
11:861  1:380  Use anime=Anim_4_Options frames=64
11:861  0:000  Use anime=Anim_14_Themes frames=64
11:861  0:000  Use anime=Anim_14_Themes frames=64
11:861  0:000  Use anime=Anim_11_Tables frames=64
11:861  0:000  Use anime=Anim_8_DSDT frames=64
11:861  0:000  Use anime=Anim_10_SMBIOS frames=64
11:861  0:000  Use anime=Anim_13_PCI_Devices frames=64
11:862  0:000  Use anime=Anim_6_CPU frames=64
11:862  0:000  Use anime=Anim_5_Graphics frames=64
11:862  0:000  Use anime=Anim_7_Binaries frames=64
11:984  0:122   found 64 frames of the anime
11:984  0:000  recalculated Screen->Film position
11:984  0:000   Anime seems OK, init it
32:675  20:690  EDITED: dart=0 nv_disable=1 agdpmod=vit9696 -v brcmfx-country=#a darkwake=no -lilubetaall kext-dev-mode=1 
45:473  12:798  EDITED: slide=77 dart=0 nv_disable=1 agdpmod=vit9696 -v brcmfx-country=#a darkwake=no -lilubetaall kext-dev-mode=1 
